This file contains any messages produced by compilers while
running configure, to aid debugging if configure makes a mistake.

It was created by configure, which was
generated by GNU Autoconf 2.61.  Invocation command line was

  $ ./configure 

## --------- ##
## Platform. ##
## --------- ##

hostname = Duncans-MacBook-Pro-4.local
uname -m = i386
uname -r = 10.6.0
uname -s = Darwin
uname -v = Darwin Kernel Version 10.6.0: Wed Nov 10 18:13:17 PST 2010; root:xnu-1504.9.26~3/RELEASE_I386

/usr/bin/uname -p = i386
/bin/uname -X     = unknown

/bin/arch              = unknown
/usr/bin/arch -k       = unknown
/usr/convex/getsysinfo = unknown
/usr/bin/hostinfo      = Mach kernel version:
	 Darwin Kernel Version 10.6.0: Wed Nov 10 18:13:17 PST 2010; root:xnu-1504.9.26~3/RELEASE_I386
Kernel configured for up to 4 processors.
2 processors are physically available.
4 processors are logically available.
Processor type: i486 (Intel 80486)
Processors active: 0 1 2 3
Primary memory available: 4.00 gigabytes
Default processor set: 177 tasks, 741 threads, 4 processors
Load average: 1.68, Mach factor: 2.31
/bin/machine           = unknown
/usr/bin/oslevel       = unknown
/bin/universe          = unknown

PATH: /Library/Frameworks/Python.framework/Versions/Current/bin
PATH: /Library/Frameworks/Python.framework/Versions/2.6/bin
PATH: .
PATH: /usr/local/bin
PATH: .
PATH: /Users/duncan/bin
PATH: /Users/duncan/local/bin
PATH: /usr/bin
PATH: /usr/texbin
PATH: /usr/local/mysql/bin
PATH: /usr/local/noweb
PATH: /usr/local/jdk/bin
PATH: /usr/local/src/j2sdk1.3.1/bin
PATH: /usr/local/bin
PATH: /usr/statdept/bin
PATH: /usr/local/X11/bin
PATH: /usr/local/pgsql/bin
PATH: /usr/bin
PATH: /bin
PATH: /usr/local/gwTeX/bin/powerpc-apple-darwin-current
PATH: /usr/X11R6/bin
PATH: /opt/local/bin
PATH: /var/duncan/office52
PATH: /Users/duncan/Projects/org/omegahat/bin


## ----------- ##
## Core tests. ##
## ----------- ##

configure:1638: checking for llvm-config
configure:1656: found /usr/local/bin/llvm-config
configure:1668: result: /usr/local/bin/llvm-config
configure:1749: checking for g++
configure:1765: found /usr/bin/g++
configure:1776: result: g++
configure:1807: checking for C++ compiler version
configure:1814: g++ --version >&5
i686-apple-darwin10-g++-4.2.1 (GCC) 4.2.1 (Apple Inc. build 5666) (dot 3)
Copyright (C) 2007 Free Software Foundation, Inc.
This is free software; see the source for copying conditions.  There is NO
warranty; not even for MERCHANTABILITY or FITNESS FOR A PARTICULAR PURPOSE.

configure:1817: $? = 0
configure:1824: g++ -v >&5
Using built-in specs.
Target: i686-apple-darwin10
Configured with: /var/tmp/gcc/gcc-5666.3~6/src/configure --disable-checking --enable-werror --prefix=/usr --mandir=/share/man --enable-languages=c,objc,c++,obj-c++ --program-transform-name=/^[cg][^.-]*$/s/$/-4.2/ --with-slibdir=/usr/lib --build=i686-apple-darwin10 --program-prefix=i686-apple-darwin10- --host=x86_64-apple-darwin10 --target=i686-apple-darwin10 --with-gxx-include-dir=/include/c++/4.2.1
Thread model: posix
gcc version 4.2.1 (Apple Inc. build 5666) (dot 3)
configure:1827: $? = 0
configure:1834: g++ -V >&5
g++-4.2: argument to `-V' is missing
configure:1837: $? = 1
configure:1860: checking for C++ compiler default output file name
configure:1887: g++    conftest.cpp  >&5
configure:1890: $? = 0
configure:1928: result: a.out
configure:1945: checking whether the C++ compiler works
configure:1955: ./a.out
configure:1958: $? = 0
configure:1975: result: yes
configure:1982: checking whether we are cross compiling
configure:1984: result: no
configure:1987: checking for suffix of executables
configure:1994: g++ -o conftest    conftest.cpp  >&5
configure:1997: $? = 0
configure:2021: result: 
configure:2027: checking for suffix of object files
configure:2053: g++ -c   conftest.cpp >&5
configure:2056: $? = 0
configure:2079: result: o
configure:2083: checking whether we are using the GNU C++ compiler
configure:2112: g++ -c   conftest.cpp >&5
configure:2118: $? = 0
configure:2135: result: yes
configure:2140: checking whether g++ accepts -g
configure:2170: g++ -c -g  conftest.cpp >&5
configure:2176: $? = 0
configure:2275: result: yes
configure:2312: g++ -c -g -O2  conftest.cpp >&5
configure:2318: $? = 0
configure:2475: creating ./config.status

## ---------------------- ##
## Running config.status. ##
## ---------------------- ##

This file was extended by config.status, which was
generated by GNU Autoconf 2.61.  Invocation command line was

  CONFIG_FILES    = 
  CONFIG_HEADERS  = 
  CONFIG_LINKS    = 
  CONFIG_COMMANDS = 
  $ ./config.status 

on Duncans-MacBook-Pro-4.local

config.status:572: creating src/Makevars

## ---------------- ##
## Cache variables. ##
## ---------------- ##

ac_cv_cxx_compiler_gnu=yes
ac_cv_env_CCC_set=
ac_cv_env_CCC_value=
ac_cv_env_CPPFLAGS_set=
ac_cv_env_CPPFLAGS_value=
ac_cv_env_CXXFLAGS_set=
ac_cv_env_CXXFLAGS_value=
ac_cv_env_CXX_set=
ac_cv_env_CXX_value=
ac_cv_env_LDFLAGS_set=
ac_cv_env_LDFLAGS_value=
ac_cv_env_LIBS_set=
ac_cv_env_LIBS_value=
ac_cv_env_build_alias_set=
ac_cv_env_build_alias_value=
ac_cv_env_host_alias_set=
ac_cv_env_host_alias_value=
ac_cv_env_target_alias_set=
ac_cv_env_target_alias_value=
ac_cv_objext=o
ac_cv_path_LLVM_CONFIG=/usr/local/bin/llvm-config
ac_cv_prog_ac_ct_CXX=g++
ac_cv_prog_cxx_g=yes

## ----------------- ##
## Output variables. ##
## ----------------- ##

CPPFLAGS=''
CXX='g++'
CXXFLAGS='-g -O2'
DEFS='-DPACKAGE_NAME=\"\" -DPACKAGE_TARNAME=\"\" -DPACKAGE_VERSION=\"\" -DPACKAGE_STRING=\"\" -DPACKAGE_BUGREPORT=\"\"'
ECHO_C=''
ECHO_N='-n'
ECHO_T=''
EXEEXT=''
LDFLAGS=''
LIBOBJS=''
LIBS=''
LLVM_CONFIG='/usr/local/bin/llvm-config'
LTLIBOBJS=''
OBJEXT='o'
PACKAGE_BUGREPORT=''
PACKAGE_NAME=''
PACKAGE_STRING=''
PACKAGE_TARNAME=''
PACKAGE_VERSION=''
PATH_SEPARATOR=':'
SHELL='/bin/sh'
ac_ct_CXX='g++'
bindir='${exec_prefix}/bin'
build_alias=''
datadir='${datarootdir}'
datarootdir='${prefix}/share'
docdir='${datarootdir}/doc/${PACKAGE}'
dvidir='${docdir}'
exec_prefix='${prefix}'
host_alias=''
htmldir='${docdir}'
includedir='${prefix}/include'
infodir='${datarootdir}/info'
libdir='${exec_prefix}/lib'
libexecdir='${exec_prefix}/libexec'
localedir='${datarootdir}/locale'
localstatedir='${prefix}/var'
mandir='${datarootdir}/man'
oldincludedir='/usr/include'
pdfdir='${docdir}'
prefix='/usr/local'
program_transform_name='s,x,x,'
psdir='${docdir}'
sbindir='${exec_prefix}/sbin'
sharedstatedir='${prefix}/com'
sysconfdir='${prefix}/etc'
target_alias=''

## ----------- ##
## confdefs.h. ##
## ----------- ##

#define PACKAGE_NAME ""
#define PACKAGE_TARNAME ""
#define PACKAGE_VERSION ""
#define PACKAGE_STRING ""
#define PACKAGE_BUGREPORT ""

configure: exit 0
